[2017-07-28 03:06:35] my_logger.INFO: Ticket list [] []
[2017-07-28 07:17:20] my_logger.INFO: Ticket list 28-Jul-2017 07:1720 [] []
[2017-07-28 07:18:57] my_logger.INFO: Ticket list 28-Jul-2017 07:1857 [] []
[2017-07-28 07:19:04] my_logger.INFO: Hello roberto28-Jul-2017 07:1904 [] []
[2017-07-28 07:19:15] my_logger.INFO: Hello roberto 28-Jul-2017 07:1915 [] []
[2017-07-28 07:19:54] my_logger.INFO: Home 28-Jul-2017 07:1954 [] []
[2017-07-28 07:20:13] my_logger.INFO: Home 28-Jul-2017 07:2013 [] []
[2017-07-28 07:36:05] my_logger.INFO: Ticket list 28-Jul-2017 07:3605 [] []
[2017-07-28 16:33:20] my_logger.INFO: Ticket list 28-Jul-2017 16:3320 [] []
[2017-07-28 17:10:29] my_logger.INFO: Ticket id 128-Jul-2017 17:1029 [] []
[2017-07-28 17:17:53] my_logger.INFO: Ticket id 128-Jul-2017 17:1753 [] []
[2017-07-28 17:18:13] my_logger.INFO: Ticket id 12345 28-Jul-2017 17:1813 [] []
[2017-07-28 21:32:34] my_logger.INFO: Ticket id 12345 28-Jul-2017 21:3234 [] []
[2017-07-28 22:02:44] my_logger.INFO: Ticket id 12345 28-Jul-2017 22:0244 [] []
[2017-07-28 22:02:45] my_logger.INFO: Ticket id 12345 28-Jul-2017 22:0245 [] []
[2017-07-28 22:03:16] my_logger.INFO: Ticket id 12345 28-Jul-2017 22:0316 [] []
[2017-07-28 22:03:31] my_logger.INFO: Ticket id 12345 28-Jul-2017 22:0331 [] []
[2017-07-28 22:03:49] my_logger.INFO: Ticket id 12345 28-Jul-2017 22:0349 [] []
[2017-07-28 22:04:02] my_logger.INFO: Ticket id 12345 28-Jul-2017 22:0402 [] []
[2017-07-28 22:04:10] my_logger.INFO: Ticket id 12345 28-Jul-2017 22:0410 [] []
[2017-07-28 22:04:15] my_logger.INFO: Ticket id 12345 28-Jul-2017 22:0415 [] []
[2017-07-28 23:13:30] my_logger.INFO: Ticket id 12345 28-Jul-2017 23:1330 [] []
[2017-07-28 23:17:42] my_logger.INFO: Ticket id 0 28-Jul-2017 23:1742 [] []
[2017-07-29 00:07:51] my_logger.INFO: Ticket id 12345 29-Jul-2017 00:0751 [] []
[2017-07-29 00:42:33] my_logger.INFO: Ticket id 12345 29-Jul-2017 00:4233 [] []
[2017-07-29 01:00:51] my_logger.INFO: Ticket id 12345 29-Jul-2017 01:0051 [] []
[2017-07-29 01:01:22] my_logger.INFO: Ticket list 29-Jul-2017 01:0122 [] []
[2017-07-29 01:02:23] my_logger.INFO: Ticket list 29-Jul-2017 01:0223 [] []
[2017-07-29 01:03:13] my_logger.INFO: Ticket list 29-Jul-2017 01:0313 [] []
[2017-07-29 01:04:13] my_logger.INFO: Ticket list 29-Jul-2017 01:0413 [] []
[2017-07-29 01:04:56] my_logger.INFO: Ticket list 29-Jul-2017 01:0456 [] []
[2017-07-29 01:05:24] my_logger.INFO: Ticket list 29-Jul-2017 01:0524 [] []
[2017-07-29 01:06:02] my_logger.INFO: Ticket list 29-Jul-2017 01:0602 [] []
[2017-07-29 01:06:49] my_logger.INFO: Ticket list 29-Jul-2017 01:0649 [] []
[2017-07-29 01:38:34] my_logger.INFO: Ticket list 29-Jul-2017 01:3834 [] []
[2017-07-29 01:41:00] my_logger.INFO: Ticket list 29-Jul-2017 01:4100 [] []
[2017-07-29 01:41:44] my_logger.INFO: Ticket list 29-Jul-2017 01:4144 [] []
[2017-07-29 01:41:45] my_logger.INFO: Ticket list 29-Jul-2017 01:4145 [] []
[2017-07-29 01:42:09] my_logger.INFO: Ticket list 29-Jul-2017 01:4209 [] []
[2017-07-29 01:42:25] my_logger.INFO: Ticket list 29-Jul-2017 01:4225 [] []
[2017-07-29 01:42:43] my_logger.INFO: Ticket list 29-Jul-2017 01:4243 [] []
[2017-07-29 01:47:53] my_logger.INFO: Ticket list 29-Jul-2017 01:4753 [] []
[2017-07-29 01:48:46] my_logger.INFO: Ticket list 29-Jul-2017 01:4846 [] []
[2017-07-29 01:48:50] my_logger.INFO: Ticket id 1 29-Jul-2017 01:4850 [] []
[2017-07-29 01:53:59] my_logger.INFO: Ticket list 29-Jul-2017 01:5359 [] []
[2017-07-29 01:55:43] my_logger.INFO: Ticket list 29-Jul-2017 01:5543 [] []
[2017-07-29 01:56:51] my_logger.INFO: Ticket list 29-Jul-2017 01:5651 [] []
[2017-07-29 01:56:58] my_logger.INFO: Ticket list 29-Jul-2017 01:5658 [] []
[2017-07-29 01:56:59] my_logger.INFO: Ticket list 29-Jul-2017 01:5659 [] []
[2017-07-29 01:59:32] my_logger.INFO: Ticket list 29-Jul-2017 01:5932 [] []
[2017-07-29 01:59:44] my_logger.INFO: Ticket list 29-Jul-2017 01:5944 [] []
[2017-07-29 02:04:52] my_logger.INFO: Ticket list 29-Jul-2017 02:0452 [] []
[2017-07-29 02:05:44] my_logger.INFO: Ticket list 29-Jul-2017 02:0544 [] []
[2017-07-29 02:06:13] my_logger.INFO: Ticket list 29-Jul-2017 02:0613 [] []
[2017-07-29 02:07:19] my_logger.INFO: Ticket list 29-Jul-2017 02:0719 [] []
[2017-07-29 02:07:43] my_logger.INFO: Ticket list 29-Jul-2017 02:0743 [] []
[2017-07-29 02:08:49] my_logger.INFO: Ticket list 29-Jul-2017 02:0849 [] []
[2017-07-29 02:09:17] my_logger.INFO: Ticket list 29-Jul-2017 02:0917 [] []
[2017-07-29 03:35:29] my_logger.INFO: Hello [] []
[2017-07-29 03:36:35] my_logger.INFO: Hello [] []
[2017-07-29 03:36:38] my_logger.INFO: Hello [] []
[2017-07-29 03:37:25] my_logger.INFO: Hello [] []
[2017-07-29 03:37:43] my_logger.INFO: Hello [] []
[2017-07-29 03:38:03] my_logger.INFO: Hello [] []
[2017-07-29 03:38:20] my_logger.INFO: Hello [] []
[2017-07-29 03:38:26] my_logger.INFO: Hello [] []
[2017-07-29 03:38:49] my_logger.INFO: Hello [] []
[2017-07-29 03:39:05] my_logger.INFO: Hello [] []
[2017-07-29 03:39:09] my_logger.INFO: Hello [] []
[2017-07-29 03:39:17] my_logger.INFO: Hello [] []
[2017-07-29 03:39:33] my_logger.INFO: Hello [] []
[2017-07-29 04:43:36] my_logger.INFO: Hello [] []
[2017-07-29 04:43:38] my_logger.INFO: Hello [] []
[2017-07-29 04:43:49] my_logger.INFO: Hello [] []
[2017-07-29 04:44:28] slim-app.INFO: Hello [] []
[2017-07-29 04:45:07] slim-app.INFO: Hello [] []
[2017-07-29 04:45:23] slim-app.INFO: Hello [] []
[2017-07-29 04:46:00] slim-app.INFO: Hello [] []
[2017-07-29 04:46:24] slim-app.INFO: Hello [] []
[2017-07-29 04:48:28] slim-app.INFO: Slim-Skeleton '/' route [] []
[2017-07-29 04:48:36] slim-app.INFO: Slim-Skeleton '/' route [] []
[2017-07-29 04:48:53] slim-app.INFO: Slim-Skeleton '/' route [] []
[2017-07-29 04:48:59] slim-app.INFO: Slim-Skeleton '/' route [] []
[2017-07-29 04:51:48] slim-app.INFO: Slim-Skeleton '/' route [] []
[2017-07-29 05:50:16] slim-app.INFO: Slim-Skeleton '/' route [] []
[2017-07-29 05:50:25] slim-app.INFO: Slim-Skeleton '/' route [] []
[2017-07-29 06:02:12] slim-app.INFO: Slim-Skeleton '/' route [] []
[2017-07-29 06:02:19] slim-app.INFO: Slim-Skeleton '/' route [] []
[2017-07-29 06:03:35] slim-app.INFO: Slim-Skeleton '/' route [] []
[2017-07-29 06:03:44] slim-app.INFO: Slim-Skeleton '/' route [] []
[2017-07-29 06:04:18] slim-app.INFO: Slim-Skeleton '/' route [] []
[2017-07-29 06:04:19] slim-app.INFO: Slim-Skeleton '/' route [] []
[2017-07-29 06:04:19] slim-app.INFO: Slim-Skeleton '/' route [] []
[2017-07-29 06:04:19] slim-app.INFO: Slim-Skeleton '/' route [] []
[2017-07-29 06:04:20] slim-app.INFO: Slim-Skeleton '/' route [] []
[2017-07-29 06:04:20] slim-app.INFO: Slim-Skeleton '/' route [] []
[2017-07-29 06:04:20] slim-app.INFO: Slim-Skeleton '/' route [] []
[2017-07-29 06:04:20] slim-app.INFO: Slim-Skeleton '/' route [] []
[2017-07-29 06:11:18] slim-app.INFO: Slim-Skeleton '/' route [] []
[2017-07-29 06:11:58] slim-app.INFO: Slim-Skeleton '/' route [] []
[2017-07-29 06:13:16] slim-app.INFO: Slim-Skeleton '/' route [] []
[2017-07-29 06:13:47] slim-app.INFO: Slim-Skeleton '/' route [] []
[2017-07-29 06:15:58] slim-app.INFO: BEFORE1 [] []
[2017-07-29 06:15:58] slim-app.INFO: Slim-Skeleton '/' route [] []
[2017-07-29 06:15:58] slim-app.INFO: AFTER1 [] []
[2017-07-29 06:16:38] slim-app.INFO: BEFORE2 [] []
[2017-07-29 06:16:38] slim-app.INFO: BEFORE1 [] []
[2017-07-29 06:16:38] slim-app.INFO: Slim-Skeleton '/' route [] []
[2017-07-29 06:16:38] slim-app.INFO: AFTER1 [] []
[2017-07-29 06:16:38] slim-app.INFO: AFTER2 [] []
[2017-07-29 16:22:51] slim-app.INFO: BEFORE2 [] []
[2017-07-29 16:22:51] slim-app.INFO: BEFORE1 [] []
[2017-07-29 16:22:52] slim-app.INFO: Slim-Skeleton '/' route [] []
[2017-07-29 16:22:52] slim-app.INFO: AFTER1 [] []
[2017-07-29 16:22:52] slim-app.INFO: AFTER2 [] []
[2017-07-29 16:22:59] slim-app.INFO: BEFORE2 [] []
[2017-07-29 16:22:59] slim-app.INFO: BEFORE1 [] []
[2017-07-29 16:22:59] slim-app.INFO: Slim-Skeleton '/' route [] []
[2017-07-29 16:22:59] slim-app.INFO: AFTER1 [] []
[2017-07-29 16:22:59] slim-app.INFO: AFTER2 [] []
[2017-07-29 16:23:04] slim-app.INFO: BEFORE2 [] []
[2017-07-29 16:23:04] slim-app.INFO: BEFORE1 [] []
[2017-07-29 16:23:46] slim-app.INFO: BEFORE2 [] []
[2017-07-29 16:23:46] slim-app.INFO: BEFORE1 [] []
[2017-07-29 16:24:28] slim-app.INFO: BEFORE2 [] []
[2017-07-29 16:24:28] slim-app.INFO: BEFORE1 [] []
[2017-07-29 16:24:28] slim-app.INFO: AFTER1 [] []
[2017-07-29 16:24:28] slim-app.INFO: AFTER2 [] []
[2017-07-29 16:24:43] slim-app.INFO: BEFORE2 [] []
[2017-07-29 16:24:43] slim-app.INFO: BEFORE1 [] []
[2017-07-29 16:24:43] slim-app.INFO: AFTER1 [] []
[2017-07-29 16:24:43] slim-app.INFO: AFTER2 [] []
[2017-07-29 16:25:17] slim-app.INFO: BEFORE2 [] []
[2017-07-29 16:25:17] slim-app.INFO: BEFORE1 [] []
[2017-07-29 16:25:17] slim-app.INFO: Slim-Skeleton '/' route [] []
[2017-07-29 16:25:17] slim-app.INFO: AFTER1 [] []
[2017-07-29 16:25:17] slim-app.INFO: AFTER2 [] []
[2017-07-29 19:10:21] slim-app.INFO: BEFORE2 [] []
[2017-07-29 19:10:21] slim-app.INFO: BEFORE1 [] []
[2017-07-29 19:10:21] slim-app.INFO: Slim-Skeleton '/' route [] []
[2017-07-29 19:10:21] slim-app.INFO: AFTER1 [] []
[2017-07-29 19:10:21] slim-app.INFO: AFTER2 [] []
[2017-07-29 19:10:21] slim-app.INFO: BEFORE2 [] []
[2017-07-29 19:10:21] slim-app.INFO: BEFORE1 [] []
[2017-07-29 19:10:21] slim-app.INFO: Slim-Skeleton '/' route [] []
[2017-07-29 19:10:21] slim-app.INFO: AFTER1 [] []
[2017-07-29 19:10:21] slim-app.INFO: AFTER2 [] []
[2017-07-29 19:10:36] slim-app.INFO: BEFORE2 [] []
[2017-07-29 19:10:36] slim-app.INFO: BEFORE1 [] []
[2017-07-29 19:10:36] slim-app.INFO: Slim-Skeleton '/' route [] []
[2017-07-29 19:10:36] slim-app.INFO: AFTER1 [] []
[2017-07-29 19:10:36] slim-app.INFO: AFTER2 [] []
[2017-07-29 19:11:20] slim-app.INFO: BEFORE2 [] []
[2017-07-29 19:11:20] slim-app.INFO: BEFORE1 [] []
[2017-07-29 19:11:20] slim-app.INFO: AFTER1 [] []
[2017-07-29 19:11:20] slim-app.INFO: AFTER2 [] []
[2017-07-29 19:11:58] slim-app.INFO: BEFORE2 [] []
[2017-07-29 19:11:58] slim-app.INFO: BEFORE1 [] []
[2017-07-29 19:11:58] slim-app.INFO: AFTER1 [] []
[2017-07-29 19:11:58] slim-app.INFO: AFTER2 [] []
[2017-07-29 19:14:07] slim-app.INFO: BEFORE2 [] []
[2017-07-29 19:14:07] slim-app.INFO: BEFORE1 [] []
[2017-07-29 19:14:07] slim-app.INFO: AFTER1 [] []
[2017-07-29 19:14:07] slim-app.INFO: AFTER2 [] []
[2017-07-29 19:14:25] slim-app.INFO: BEFORE2 [] []
[2017-07-29 19:14:25] slim-app.INFO: BEFORE1 [] []
[2017-07-29 19:14:25] slim-app.INFO: AFTER1 [] []
[2017-07-29 19:14:25] slim-app.INFO: AFTER2 [] []
[2017-07-29 19:14:31] slim-app.INFO: BEFORE2 [] []
[2017-07-29 19:14:31] slim-app.INFO: BEFORE1 [] []
[2017-07-29 19:14:31] slim-app.INFO: AFTER1 [] []
[2017-07-29 19:14:31] slim-app.INFO: AFTER2 [] []
[2017-07-29 19:14:34] slim-app.INFO: BEFORE2 [] []
[2017-07-29 19:14:34] slim-app.INFO: BEFORE1 [] []
[2017-07-29 19:14:34] slim-app.INFO: AFTER1 [] []
[2017-07-29 19:14:34] slim-app.INFO: AFTER2 [] []
[2017-07-29 19:14:35] slim-app.INFO: BEFORE2 [] []
[2017-07-29 19:14:35] slim-app.INFO: BEFORE1 [] []
[2017-07-29 19:14:35] slim-app.INFO: AFTER1 [] []
[2017-07-29 19:14:35] slim-app.INFO: AFTER2 [] []
[2017-07-29 19:14:44] slim-app.INFO: BEFORE2 [] []
[2017-07-29 19:14:44] slim-app.INFO: BEFORE1 [] []
[2017-07-29 19:14:44] slim-app.INFO: AFTER1 [] []
[2017-07-29 19:14:44] slim-app.INFO: AFTER2 [] []
[2017-07-29 19:14:50] slim-app.INFO: BEFORE2 [] []
[2017-07-29 19:14:50] slim-app.INFO: BEFORE1 [] []
[2017-07-29 19:14:50] slim-app.INFO: AFTER1 [] []
[2017-07-29 19:14:50] slim-app.INFO: AFTER2 [] []
[2017-07-30 01:40:03] slim-app.INFO: BEFORE2 [] []
[2017-07-30 01:40:03] slim-app.INFO: BEFORE1 [] []
[2017-07-30 01:40:03] slim-app.INFO: AFTER1 [] []
[2017-07-30 01:40:03] slim-app.INFO: AFTER2 [] []
[2017-07-30 01:41:01] slim-app.INFO: BEFORE2 [] []
[2017-07-30 01:41:01] slim-app.INFO: BEFORE1 [] []
[2017-07-30 01:41:01] slim-app.INFO: Slim-Skeleton '/' route [] []
[2017-07-30 01:41:01] slim-app.INFO: AFTER1 [] []
[2017-07-30 01:41:01] slim-app.INFO: AFTER2 [] []
[2017-07-30 01:41:03] slim-app.INFO: BEFORE2 [] []
[2017-07-30 01:41:03] slim-app.INFO: BEFORE1 [] []
[2017-07-30 01:41:03] slim-app.INFO: Slim-Skeleton '/' route [] []
[2017-07-30 01:41:03] slim-app.INFO: AFTER1 [] []
[2017-07-30 01:41:03] slim-app.INFO: AFTER2 [] []
[2017-07-30 01:41:04] slim-app.INFO: BEFORE2 [] []
[2017-07-30 01:41:04] slim-app.INFO: BEFORE1 [] []
[2017-07-30 01:41:04] slim-app.INFO: Slim-Skeleton '/' route [] []
[2017-07-30 01:41:04] slim-app.INFO: AFTER1 [] []
[2017-07-30 01:41:04] slim-app.INFO: AFTER2 [] []
[2017-07-30 01:41:59] slim-app.INFO: BEFORE2 [] []
[2017-07-30 01:41:59] slim-app.INFO: BEFORE1 [] []
[2017-07-30 01:41:59] slim-app.INFO: Slim-Skeleton '/' route [] []
[2017-07-30 01:41:59] slim-app.INFO: AFTER1 [] []
[2017-07-30 01:41:59] slim-app.INFO: AFTER2 [] []
[2017-07-30 01:41:59] slim-app.INFO: BEFORE2 [] []
[2017-07-30 01:41:59] slim-app.INFO: BEFORE1 [] []
[2017-07-30 01:41:59] slim-app.INFO: Slim-Skeleton '/' route [] []
[2017-07-30 01:41:59] slim-app.INFO: AFTER1 [] []
[2017-07-30 01:41:59] slim-app.INFO: AFTER2 [] []
[2017-07-30 03:03:35] slim-app.INFO: BEFORE2 [] []
[2017-07-30 03:03:35] slim-app.INFO: BEFORE1 [] []
[2017-07-30 03:03:35] slim-app.INFO: Slim-Skeleton '/' route [] []
[2017-07-30 03:03:35] slim-app.INFO: AFTER1 [] []
[2017-07-30 03:03:35] slim-app.INFO: AFTER2 [] []
[2017-07-30 03:03:35] slim-app.INFO: BEFORE2 [] []
[2017-07-30 03:03:35] slim-app.INFO: BEFORE1 [] []
[2017-07-30 03:03:35] slim-app.INFO: Slim-Skeleton '/' route [] []
[2017-07-30 03:03:35] slim-app.INFO: AFTER1 [] []
[2017-07-30 03:03:35] slim-app.INFO: AFTER2 [] []
[2017-07-30 03:03:45] slim-app.INFO: BEFORE2 [] []
[2017-07-30 03:03:45] slim-app.INFO: BEFORE1 [] []
[2017-07-30 03:03:45] slim-app.INFO: Slim-Skeleton '/' route [] []
[2017-07-30 03:03:45] slim-app.INFO: AFTER1 [] []
[2017-07-30 03:03:45] slim-app.INFO: AFTER2 [] []
[2017-07-30 03:03:45] slim-app.INFO: BEFORE2 [] []
[2017-07-30 03:03:45] slim-app.INFO: BEFORE1 [] []
[2017-07-30 03:03:45] slim-app.INFO: Slim-Skeleton '/' route [] []
[2017-07-30 03:03:45] slim-app.INFO: AFTER1 [] []
[2017-07-30 03:03:45] slim-app.INFO: AFTER2 [] []
[2017-07-30 03:03:52] slim-app.INFO: BEFORE2 [] []
[2017-07-30 03:03:52] slim-app.INFO: BEFORE1 [] []
[2017-07-30 03:03:52] slim-app.INFO: Slim-Skeleton '/' route [] []
[2017-07-30 03:03:52] slim-app.INFO: AFTER1 [] []
[2017-07-30 03:03:52] slim-app.INFO: AFTER2 [] []
[2017-07-30 03:03:52] slim-app.INFO: BEFORE2 [] []
[2017-07-30 03:03:52] slim-app.INFO: BEFORE1 [] []
[2017-07-30 03:03:52] slim-app.INFO: Slim-Skeleton '/' route [] []
[2017-07-30 03:03:52] slim-app.INFO: AFTER1 [] []
[2017-07-30 03:03:52] slim-app.INFO: AFTER2 [] []
[2017-07-30 03:20:22] slim-app.INFO: BEFORE2 [] []
[2017-07-30 03:20:22] slim-app.INFO: BEFORE1 [] []
[2017-07-30 03:20:22] slim-app.INFO: Slim-Skeleton '/' route [] []
[2017-07-30 03:20:22] slim-app.INFO: AFTER1 [] []
[2017-07-30 03:20:22] slim-app.INFO: AFTER2 [] []
[2017-07-30 03:20:22] slim-app.INFO: BEFORE2 [] []
[2017-07-30 03:20:22] slim-app.INFO: BEFORE1 [] []
[2017-07-30 03:20:22] slim-app.INFO: Slim-Skeleton '/' route [] []
[2017-07-30 03:20:22] slim-app.INFO: AFTER1 [] []
[2017-07-30 03:20:22] slim-app.INFO: AFTER2 [] []
[2017-07-30 03:20:36] slim-app.INFO: BEFORE2 [] []
[2017-07-30 03:20:36] slim-app.INFO: BEFORE1 [] []
[2017-07-30 03:20:36] slim-app.INFO: Slim-Skeleton '/' route [] []
[2017-07-30 03:20:36] slim-app.INFO: AFTER1 [] []
[2017-07-30 03:20:36] slim-app.INFO: AFTER2 [] []
[2017-07-30 03:20:36] slim-app.INFO: BEFORE2 [] []
[2017-07-30 03:20:36] slim-app.INFO: BEFORE1 [] []
[2017-07-30 03:20:36] slim-app.INFO: Slim-Skeleton '/' route [] []
[2017-07-30 03:20:36] slim-app.INFO: AFTER1 [] []
[2017-07-30 03:20:36] slim-app.INFO: AFTER2 [] []
[2017-07-30 03:24:33] slim-app.INFO: BEFORE2 [] []
[2017-07-30 03:24:33] slim-app.INFO: BEFORE1 [] []
[2017-07-30 03:24:33] slim-app.INFO: BEFORE2 [] []
[2017-07-30 03:24:33] slim-app.INFO: BEFORE1 [] []
[2017-07-30 03:25:49] slim-app.INFO: BEFORE2 [] []
[2017-07-30 03:25:49] slim-app.INFO: BEFORE1 [] []
[2017-07-30 03:25:49] slim-app.INFO: Slim-Skeleton '/' route [] []
[2017-07-30 03:25:49] slim-app.INFO: AFTER1 [] []
[2017-07-30 03:25:49] slim-app.INFO: AFTER2 [] []
[2017-07-30 03:25:49] slim-app.INFO: BEFORE2 [] []
[2017-07-30 03:25:49] slim-app.INFO: BEFORE1 [] []
[2017-07-30 03:25:49] slim-app.INFO: Slim-Skeleton '/' route [] []
[2017-07-30 03:25:49] slim-app.INFO: AFTER1 [] []
[2017-07-30 03:25:49] slim-app.INFO: AFTER2 [] []
[2017-07-30 03:27:06] slim-app.INFO: BEFORE2 [] []
[2017-07-30 03:27:06] slim-app.INFO: BEFORE1 [] []
[2017-07-30 03:27:07] slim-app.INFO: AFTER1 [] []
[2017-07-30 03:27:07] slim-app.INFO: AFTER2 [] []
[2017-07-30 03:27:51] slim-app.INFO: BEFORE2 [] []
[2017-07-30 03:27:51] slim-app.INFO: BEFORE1 [] []
[2017-07-30 03:27:51] slim-app.INFO: Slim-Skeleton '/' route [] []
[2017-07-30 03:27:51] slim-app.INFO: AFTER1 [] []
[2017-07-30 03:27:51] slim-app.INFO: AFTER2 [] []
[2017-07-30 03:27:57] slim-app.INFO: BEFORE2 [] []
[2017-07-30 03:27:57] slim-app.INFO: BEFORE1 [] []
[2017-07-30 03:27:57] slim-app.INFO: AFTER1 [] []
[2017-07-30 03:27:57] slim-app.INFO: AFTER2 [] []
[2017-07-30 03:28:25] slim-app.INFO: BEFORE2 [] []
[2017-07-30 03:28:25] slim-app.INFO: BEFORE1 [] []
[2017-07-30 03:28:25] slim-app.INFO: Slim-Skeleton '/' route [] []
[2017-07-30 03:28:25] slim-app.INFO: AFTER1 [] []
[2017-07-30 03:28:25] slim-app.INFO: AFTER2 [] []
[2017-07-30 03:28:38] slim-app.INFO: BEFORE2 [] []
[2017-07-30 03:28:38] slim-app.INFO: BEFORE1 [] []
[2017-07-30 03:28:38] slim-app.INFO: Slim-Skeleton '/' route [] []
[2017-07-30 03:28:38] slim-app.INFO: AFTER1 [] []
[2017-07-30 03:28:38] slim-app.INFO: AFTER2 [] []
[2017-07-30 03:30:59] slim-app.INFO: BEFORE2 [] []
[2017-07-30 03:30:59] slim-app.INFO: BEFORE1 [] []
[2017-07-30 03:30:59] slim-app.INFO: AFTER1 [] []
[2017-07-30 03:30:59] slim-app.INFO: AFTER2 [] []
[2017-07-30 03:31:23] slim-app.INFO: BEFORE2 [] []
[2017-07-30 03:31:23] slim-app.INFO: BEFORE1 [] []
[2017-07-30 03:31:29] slim-app.INFO: BEFORE2 [] []
[2017-07-30 03:31:29] slim-app.INFO: BEFORE1 [] []
[2017-07-30 03:31:31] slim-app.INFO: BEFORE2 [] []
[2017-07-30 03:31:31] slim-app.INFO: BEFORE1 [] []
[2017-07-30 03:31:31] slim-app.INFO: AFTER1 [] []
[2017-07-30 03:31:31] slim-app.INFO: AFTER2 [] []
[2017-07-30 03:32:28] slim-app.INFO: BEFORE2 [] []
[2017-07-30 03:32:28] slim-app.INFO: BEFORE1 [] []
[2017-07-30 03:32:28] slim-app.INFO: AFTER1 [] []
[2017-07-30 03:32:28] slim-app.INFO: AFTER2 [] []
[2017-07-30 03:32:41] slim-app.INFO: BEFORE2 [] []
[2017-07-30 03:32:41] slim-app.INFO: BEFORE1 [] []
[2017-07-30 03:33:34] slim-app.INFO: BEFORE2 [] []
[2017-07-30 03:33:34] slim-app.INFO: BEFORE1 [] []
[2017-07-30 03:33:34] slim-app.INFO: AFTER1 [] []
[2017-07-30 03:33:34] slim-app.INFO: AFTER2 [] []
[2017-07-30 03:33:39] slim-app.INFO: BEFORE2 [] []
[2017-07-30 03:33:39] slim-app.INFO: BEFORE1 [] []
[2017-07-30 03:33:39] slim-app.INFO: AFTER1 [] []
[2017-07-30 03:33:39] slim-app.INFO: AFTER2 [] []
[2017-07-30 03:33:41] slim-app.INFO: BEFORE2 [] []
[2017-07-30 03:33:41] slim-app.INFO: BEFORE1 [] []
[2017-07-30 03:33:41] slim-app.INFO: AFTER1 [] []
[2017-07-30 03:33:41] slim-app.INFO: AFTER2 [] []
[2017-07-30 03:33:47] slim-app.INFO: BEFORE2 [] []
[2017-07-30 03:33:47] slim-app.INFO: BEFORE1 [] []
[2017-07-30 03:33:47] slim-app.INFO: AFTER1 [] []
[2017-07-30 03:33:47] slim-app.INFO: AFTER2 [] []
[2017-07-30 03:33:51] slim-app.INFO: BEFORE2 [] []
[2017-07-30 03:33:51] slim-app.INFO: BEFORE1 [] []
[2017-07-30 03:33:51] slim-app.INFO: AFTER1 [] []
[2017-07-30 03:33:51] slim-app.INFO: AFTER2 [] []
[2017-07-30 03:33:55] slim-app.INFO: BEFORE2 [] []
[2017-07-30 03:33:55] slim-app.INFO: BEFORE1 [] []
[2017-07-30 03:33:55] slim-app.INFO: AFTER1 [] []
[2017-07-30 03:33:55] slim-app.INFO: AFTER2 [] []
[2017-07-30 03:34:01] slim-app.INFO: BEFORE2 [] []
[2017-07-30 03:34:01] slim-app.INFO: BEFORE1 [] []
[2017-07-30 03:34:01] slim-app.INFO: AFTER1 [] []
[2017-07-30 03:34:01] slim-app.INFO: AFTER2 [] []
[2017-07-30 03:34:22] slim-app.INFO: BEFORE2 [] []
[2017-07-30 03:34:22] slim-app.INFO: BEFORE1 [] []
[2017-07-30 03:34:22] slim-app.INFO: AFTER1 [] []
[2017-07-30 03:34:22] slim-app.INFO: AFTER2 [] []
[2017-07-30 03:35:01] slim-app.INFO: BEFORE2 [] []
[2017-07-30 03:35:01] slim-app.INFO: BEFORE1 [] []
[2017-07-30 03:35:01] slim-app.INFO: AFTER1 [] []
[2017-07-30 03:35:01] slim-app.INFO: AFTER2 [] []
[2017-07-30 03:39:12] slim-app.INFO: BEFORE2 [] []
[2017-07-30 03:39:12] slim-app.INFO: BEFORE1 [] []
[2017-07-30 03:39:12] slim-app.INFO: AFTER1 [] []
[2017-07-30 03:39:12] slim-app.INFO: AFTER2 [] []
[2017-07-30 03:41:04] slim-app.INFO: BEFORE2 [] []
[2017-07-30 03:41:04] slim-app.INFO: BEFORE1 [] []
[2017-07-30 03:41:04] slim-app.INFO: Slim-Skeleton '/' route [] []
[2017-07-30 03:41:04] slim-app.INFO: AFTER1 [] []
[2017-07-30 03:41:04] slim-app.INFO: AFTER2 [] []
[2017-07-30 03:41:04] slim-app.INFO: BEFORE2 [] []
[2017-07-30 03:41:04] slim-app.INFO: BEFORE1 [] []
[2017-07-30 03:41:04] slim-app.INFO: Slim-Skeleton '/' route [] []
[2017-07-30 03:41:04] slim-app.INFO: AFTER1 [] []
[2017-07-30 03:41:04] slim-app.INFO: AFTER2 [] []
[2017-07-30 03:41:11] slim-app.INFO: BEFORE2 [] []
[2017-07-30 03:41:11] slim-app.INFO: BEFORE1 [] []
[2017-07-30 03:41:11] slim-app.INFO: AFTER1 [] []
[2017-07-30 03:41:11] slim-app.INFO: AFTER2 [] []
[2017-07-30 03:41:17] slim-app.INFO: BEFORE2 [] []
[2017-07-30 03:41:17] slim-app.INFO: BEFORE1 [] []
[2017-07-30 03:41:17] slim-app.INFO: AFTER1 [] []
[2017-07-30 03:41:17] slim-app.INFO: AFTER2 [] []
[2017-07-30 03:41:26] slim-app.INFO: BEFORE2 [] []
[2017-07-30 03:41:26] slim-app.INFO: BEFORE1 [] []
[2017-07-30 03:41:26] slim-app.INFO: AFTER1 [] []
[2017-07-30 03:41:26] slim-app.INFO: AFTER2 [] []
[2017-07-30 03:55:29] slim-app.INFO: BEFORE2 [] []
[2017-07-30 03:55:29] slim-app.INFO: BEFORE1 [] []
[2017-07-30 03:55:29] slim-app.INFO: Slim-Skeleton '/' route [] []
[2017-07-30 03:55:29] slim-app.INFO: AFTER1 [] []
[2017-07-30 03:55:29] slim-app.INFO: AFTER2 [] []
[2017-07-30 03:55:29] slim-app.INFO: BEFORE2 [] []
[2017-07-30 03:55:29] slim-app.INFO: BEFORE1 [] []
[2017-07-30 03:55:29] slim-app.INFO: Slim-Skeleton '/' route [] []
[2017-07-30 03:55:29] slim-app.INFO: AFTER1 [] []
[2017-07-30 03:55:29] slim-app.INFO: AFTER2 [] []
[2017-07-30 03:55:38] slim-app.INFO: BEFORE2 [] []
[2017-07-30 03:55:38] slim-app.INFO: BEFORE1 [] []
[2017-07-30 03:55:38] slim-app.INFO: AFTER1 [] []
[2017-07-30 03:55:38] slim-app.INFO: AFTER2 [] []
[2017-07-30 03:55:39] slim-app.INFO: BEFORE2 [] []
[2017-07-30 03:55:39] slim-app.INFO: BEFORE1 [] []
[2017-07-30 03:55:39] slim-app.INFO: Slim-Skeleton '/' route [] []
[2017-07-30 03:55:39] slim-app.INFO: AFTER1 [] []
[2017-07-30 03:55:39] slim-app.INFO: AFTER2 [] []
[2017-07-30 03:58:09] slim-app.INFO: BEFORE2 [] []
[2017-07-30 03:58:09] slim-app.INFO: BEFORE1 [] []
[2017-07-30 03:58:09] slim-app.INFO: BEFORE2 [] []
[2017-07-30 03:58:09] slim-app.INFO: BEFORE1 [] []
[2017-07-30 03:58:09] slim-app.INFO: Slim-Skeleton '/' route [] []
[2017-07-30 03:58:09] slim-app.INFO: AFTER1 [] []
[2017-07-30 03:58:09] slim-app.INFO: AFTER2 [] []
[2017-07-30 04:01:02] slim-app.INFO: BEFORE2 [] []
[2017-07-30 04:01:02] slim-app.INFO: BEFORE1 [] []
[2017-07-30 04:01:02] slim-app.INFO: BEFORE2 [] []
[2017-07-30 04:01:02] slim-app.INFO: BEFORE1 [] []
[2017-07-30 04:01:02] slim-app.INFO: Slim-Skeleton '/' route [] []
[2017-07-30 04:01:02] slim-app.INFO: AFTER1 [] []
[2017-07-30 04:01:02] slim-app.INFO: AFTER2 [] []
[2017-07-30 04:01:12] slim-app.INFO: BEFORE2 [] []
[2017-07-30 04:01:12] slim-app.INFO: BEFORE1 [] []
[2017-07-30 04:01:12] slim-app.INFO: AFTER1 [] []
[2017-07-30 04:01:12] slim-app.INFO: AFTER2 [] []
[2017-07-30 04:01:12] slim-app.INFO: BEFORE2 [] []
[2017-07-30 04:01:12] slim-app.INFO: BEFORE1 [] []
[2017-07-30 04:01:12] slim-app.INFO: Slim-Skeleton '/' route [] []
[2017-07-30 04:01:12] slim-app.INFO: AFTER1 [] []
[2017-07-30 04:01:12] slim-app.INFO: AFTER2 [] []
[2017-07-30 04:01:23] slim-app.INFO: BEFORE2 [] []
[2017-07-30 04:01:23] slim-app.INFO: BEFORE1 [] []
[2017-07-30 04:01:23] slim-app.INFO: BEFORE2 [] []
[2017-07-30 04:01:23] slim-app.INFO: BEFORE1 [] []
[2017-07-30 04:01:23] slim-app.INFO: Slim-Skeleton '/' route [] []
[2017-07-30 04:01:23] slim-app.INFO: AFTER1 [] []
[2017-07-30 04:01:23] slim-app.INFO: AFTER2 [] []
[2017-07-30 04:07:24] slim-app.INFO: BEFORE2 [] []
[2017-07-30 04:07:24] slim-app.INFO: BEFORE1 [] []
[2017-07-30 04:07:24] slim-app.INFO: BEFORE2 [] []
[2017-07-30 04:07:24] slim-app.INFO: BEFORE1 [] []
[2017-07-30 04:07:24] slim-app.INFO: Slim-Skeleton '/' route [] []
[2017-07-30 04:07:24] slim-app.INFO: AFTER1 [] []
[2017-07-30 04:07:24] slim-app.INFO: AFTER2 [] []
[2017-07-30 04:07:42] slim-app.INFO: BEFORE2 [] []
[2017-07-30 04:07:42] slim-app.INFO: BEFORE1 [] []
[2017-07-30 04:07:42] slim-app.INFO: AFTER1 [] []
[2017-07-30 04:07:42] slim-app.INFO: AFTER2 [] []
[2017-07-30 04:07:42] slim-app.INFO: BEFORE2 [] []
[2017-07-30 04:07:42] slim-app.INFO: BEFORE1 [] []
[2017-07-30 04:07:42] slim-app.INFO: Slim-Skeleton '/' route [] []
[2017-07-30 04:07:42] slim-app.INFO: AFTER1 [] []
[2017-07-30 04:07:42] slim-app.INFO: AFTER2 [] []
[2017-07-30 04:07:54] slim-app.INFO: BEFORE2 [] []
[2017-07-30 04:07:54] slim-app.INFO: BEFORE1 [] []
[2017-07-30 04:07:54] slim-app.INFO: AFTER1 [] []
[2017-07-30 04:07:54] slim-app.INFO: AFTER2 [] []
[2017-07-30 04:07:54] slim-app.INFO: BEFORE2 [] []
[2017-07-30 04:07:54] slim-app.INFO: BEFORE1 [] []
[2017-07-30 04:07:54] slim-app.INFO: Slim-Skeleton '/' route [] []
[2017-07-30 04:07:54] slim-app.INFO: AFTER1 [] []
[2017-07-30 04:07:54] slim-app.INFO: AFTER2 [] []
[2017-07-30 04:08:05] slim-app.INFO: BEFORE2 [] []
[2017-07-30 04:08:05] slim-app.INFO: BEFORE1 [] []
[2017-07-30 04:08:05] slim-app.INFO: AFTER1 [] []
[2017-07-30 04:08:05] slim-app.INFO: AFTER2 [] []
[2017-07-30 04:08:05] slim-app.INFO: BEFORE2 [] []
[2017-07-30 04:08:05] slim-app.INFO: BEFORE1 [] []
[2017-07-30 04:08:05] slim-app.INFO: Slim-Skeleton '/' route [] []
[2017-07-30 04:08:05] slim-app.INFO: AFTER1 [] []
[2017-07-30 04:08:05] slim-app.INFO: AFTER2 [] []
[2017-07-30 04:08:07] slim-app.INFO: BEFORE2 [] []
[2017-07-30 04:08:07] slim-app.INFO: BEFORE1 [] []
[2017-07-30 04:08:07] slim-app.INFO: AFTER1 [] []
[2017-07-30 04:08:07] slim-app.INFO: AFTER2 [] []
[2017-07-30 04:08:07] slim-app.INFO: BEFORE2 [] []
[2017-07-30 04:08:07] slim-app.INFO: BEFORE1 [] []
[2017-07-30 04:08:07] slim-app.INFO: Slim-Skeleton '/' route [] []
[2017-07-30 04:08:07] slim-app.INFO: AFTER1 [] []
[2017-07-30 04:08:07] slim-app.INFO: AFTER2 [] []
[2017-07-30 04:17:39] slim-app.INFO: BEFORE2 [] []
[2017-07-30 04:17:39] slim-app.INFO: BEFORE1 [] []
[2017-07-30 04:17:39] slim-app.INFO: AFTER1 [] []
[2017-07-30 04:17:39] slim-app.INFO: AFTER2 [] []
[2017-07-30 04:18:29] slim-app.INFO: BEFORE2 [] []
[2017-07-30 04:18:29] slim-app.INFO: BEFORE1 [] []
[2017-07-30 04:18:40] slim-app.INFO: BEFORE2 [] []
[2017-07-30 04:18:40] slim-app.INFO: BEFORE1 [] []
[2017-07-30 04:18:40] slim-app.INFO: AFTER1 [] []
[2017-07-30 04:18:40] slim-app.INFO: AFTER2 [] []
[2017-07-30 04:18:49] slim-app.INFO: BEFORE2 [] []
[2017-07-30 04:18:49] slim-app.INFO: BEFORE1 [] []
[2017-07-30 04:18:49] slim-app.INFO: AFTER1 [] []
[2017-07-30 04:18:49] slim-app.INFO: AFTER2 [] []
[2017-07-30 04:19:27] slim-app.INFO: BEFORE2 [] []
[2017-07-30 04:19:27] slim-app.INFO: BEFORE1 [] []
[2017-07-30 04:19:27] slim-app.INFO: AFTER1 [] []
[2017-07-30 04:19:27] slim-app.INFO: AFTER2 [] []
[2017-07-30 04:20:08] slim-app.INFO: BEFORE2 [] []
[2017-07-30 04:20:08] slim-app.INFO: BEFORE1 [] []
[2017-07-30 04:20:08] slim-app.INFO: AFTER1 [] []
[2017-07-30 04:20:08] slim-app.INFO: AFTER2 [] []
[2017-07-30 04:23:00] slim-app.INFO: BEFORE2 [] []
[2017-07-30 04:23:00] slim-app.INFO: BEFORE1 [] []
[2017-07-30 04:23:00] slim-app.INFO: AFTER1 [] []
[2017-07-30 04:23:00] slim-app.INFO: AFTER2 [] []
[2017-07-30 04:23:33] slim-app.INFO: BEFORE2 [] []
[2017-07-30 04:23:33] slim-app.INFO: BEFORE1 [] []
[2017-07-30 04:23:33] slim-app.INFO: AFTER1 [] []
[2017-07-30 04:23:33] slim-app.INFO: AFTER2 [] []
[2017-07-30 04:25:09] slim-app.INFO: BEFORE2 [] []
[2017-07-30 04:25:09] slim-app.INFO: BEFORE1 [] []
[2017-07-30 04:25:14] slim-app.INFO: BEFORE2 [] []
[2017-07-30 04:25:14] slim-app.INFO: BEFORE1 [] []
[2017-07-30 04:25:35] slim-app.INFO: BEFORE2 [] []
[2017-07-30 04:25:35] slim-app.INFO: BEFORE1 [] []
[2017-07-30 04:26:09] slim-app.INFO: BEFORE2 [] []
[2017-07-30 04:26:09] slim-app.INFO: BEFORE1 [] []
[2017-07-30 04:45:20] slim-app.INFO: BEFORE2 [] []
[2017-07-30 04:45:20] slim-app.INFO: BEFORE1 [] []
[2017-07-30 04:45:20] slim-app.INFO: Slim-Skeleton '/' route [] []
[2017-07-30 04:45:20] slim-app.INFO: AFTER1 [] []
[2017-07-30 04:45:20] slim-app.INFO: AFTER2 [] []
[2017-07-30 04:45:20] slim-app.INFO: BEFORE2 [] []
[2017-07-30 04:45:20] slim-app.INFO: BEFORE1 [] []
[2017-07-30 04:45:20] slim-app.INFO: Slim-Skeleton '/' route [] []
[2017-07-30 04:45:20] slim-app.INFO: AFTER1 [] []
[2017-07-30 04:45:20] slim-app.INFO: AFTER2 [] []
[2017-07-30 04:53:16] slim-app.INFO: BEFORE2 [] []
[2017-07-30 04:53:16] slim-app.INFO: BEFORE1 [] []
[2017-07-30 04:53:16] slim-app.INFO: BEFORE2 [] []
[2017-07-30 04:53:16] slim-app.INFO: BEFORE1 [] []
[2017-07-30 04:53:28] slim-app.INFO: BEFORE2 [] []
[2017-07-30 04:53:28] slim-app.INFO: BEFORE1 [] []
[2017-07-30 04:53:28] slim-app.INFO: BEFORE2 [] []
[2017-07-30 04:53:28] slim-app.INFO: BEFORE1 [] []
[2017-07-30 04:56:49] slim-app.INFO: BEFORE2 [] []
[2017-07-30 04:56:49] slim-app.INFO: BEFORE1 [] []
[2017-07-30 04:56:49] slim-app.INFO: BEFORE2 [] []
[2017-07-30 04:56:49] slim-app.INFO: BEFORE1 [] []
[2017-07-30 04:58:26] slim-app.INFO: BEFORE2 [] []
[2017-07-30 04:58:26] slim-app.INFO: BEFORE1 [] []
[2017-07-30 04:58:26] slim-app.INFO: BEFORE2 [] []
[2017-07-30 04:58:26] slim-app.INFO: BEFORE1 [] []
[2017-07-30 06:57:44] slim-app.INFO: Slim-Skeleton '/' route [] []
[2017-07-30 06:57:45] slim-app.INFO: Slim-Skeleton '/' route [] []
[2017-07-30 06:58:10] slim-app.INFO: Slim-Skeleton '/' route [] []
[2017-07-30 06:58:10] slim-app.INFO: Slim-Skeleton '/' route [] []
[2017-07-30 06:58:39] slim-app.INFO: Slim-Skeleton '/' route [] []
[2017-07-30 06:58:39] slim-app.INFO: Slim-Skeleton '/' route [] []
[2017-07-30 07:00:20] slim-app.INFO: Slim-Skeleton '/' route [] []
[2017-07-30 07:00:20] slim-app.INFO: Slim-Skeleton '/' route [] []
[2017-07-30 07:00:53] slim-app.INFO: Slim-Skeleton '/' route [] []
[2017-07-30 07:00:53] slim-app.INFO: Slim-Skeleton '/' route [] []
[2017-07-30 07:07:32] slim-app.INFO: Slim-Skeleton '/' route [] []
[2017-07-30 07:07:32] slim-app.INFO: Slim-Skeleton '/' route [] []
[2017-07-30 07:08:05] slim-app.INFO: Slim-Skeleton '/' route [] []
[2017-07-30 07:08:05] slim-app.INFO: Slim-Skeleton '/' route [] []
[2017-07-30 07:15:23] slim-app.INFO: BEFORE1 [] []
[2017-07-30 07:15:23] slim-app.INFO: Slim-Skeleton '/' route [] []
[2017-07-30 07:15:23] slim-app.INFO: AFTER1 [] []
[2017-07-30 07:15:23] slim-app.INFO: BEFORE1 [] []
[2017-07-30 07:15:23] slim-app.INFO: Slim-Skeleton '/' route [] []
[2017-07-30 07:15:23] slim-app.INFO: AFTER1 [] []
[2017-07-30 20:30:19] slim-app.INFO: BEFORE1 [] []
[2017-07-30 20:30:19] slim-app.INFO: Slim-Skeleton '/' route [] []
[2017-07-30 20:30:19] slim-app.INFO: AFTER1 [] []
[2017-07-30 20:30:19] slim-app.INFO: BEFORE1 [] []
[2017-07-30 20:30:19] slim-app.INFO: Slim-Skeleton '/' route [] []
[2017-07-30 20:30:19] slim-app.INFO: AFTER1 [] []
[2017-07-31 00:30:48] slim-app.INFO: BEFORE1 [] []
[2017-07-31 00:30:48] slim-app.INFO: Slim-Skeleton '/' route [] []
[2017-07-31 00:30:48] slim-app.INFO: AFTER1 [] []
[2017-07-31 00:30:48] slim-app.INFO: BEFORE1 [] []
[2017-07-31 00:30:48] slim-app.INFO: Slim-Skeleton '/' route [] []
[2017-07-31 00:30:48] slim-app.INFO: AFTER1 [] []
[2017-07-31 00:31:10] slim-app.INFO: BEFORE1 [] []
[2017-07-31 00:31:10] slim-app.INFO: Slim-Skeleton '/' route [] []
[2017-07-31 00:31:10] slim-app.INFO: AFTER1 [] []
[2017-07-31 00:31:10] slim-app.INFO: BEFORE1 [] []
[2017-07-31 00:31:10] slim-app.INFO: Slim-Skeleton '/' route [] []
[2017-07-31 00:31:10] slim-app.INFO: AFTER1 [] []
[2017-07-31 00:31:37] slim-app.INFO: BEFORE1 [] []
[2017-07-31 00:31:37] slim-app.INFO: Slim-Skeleton '/' route [] []
[2017-07-31 00:31:37] slim-app.INFO: AFTER1 [] []
[2017-07-31 00:31:37] slim-app.INFO: BEFORE1 [] []
[2017-07-31 00:31:37] slim-app.INFO: Slim-Skeleton '/' route [] []
[2017-07-31 00:31:37] slim-app.INFO: AFTER1 [] []
[2017-07-31 00:37:50] slim-app.INFO: BEFORE1 [] []
[2017-07-31 00:37:50] slim-app.INFO: Slim-Skeleton '/' route [] []
[2017-07-31 00:37:50] slim-app.INFO: AFTER1 [] []
[2017-07-31 00:37:50] slim-app.INFO: BEFORE1 [] []
[2017-07-31 00:37:50] slim-app.INFO: Slim-Skeleton '/' route [] []
[2017-07-31 00:37:50] slim-app.INFO: AFTER1 [] []
[2017-07-31 01:16:59] slim-app.INFO: BEFORE1 [] []
[2017-07-31 01:16:59] slim-app.INFO: Slim-Skeleton '/' route [] []
[2017-07-31 01:16:59] slim-app.INFO: AFTER1 [] []
[2017-07-31 01:17:10] slim-app.INFO: Slim-Skeleton '/' route [] []
[2017-07-31 01:17:10] slim-app.INFO: BEFORE1 [] []
[2017-07-31 01:17:10] slim-app.INFO: Slim-Skeleton '/' route [] []
[2017-07-31 01:17:10] slim-app.INFO: AFTER1 [] []
[2017-07-31 01:18:49] slim-app.INFO: Slim-Skeleton '/' route [] []
[2017-07-31 01:18:49] slim-app.INFO: BEFORE1 [] []
[2017-07-31 01:18:49] slim-app.INFO: Slim-Skeleton '/' route [] []
[2017-07-31 01:18:49] slim-app.INFO: AFTER1 [] []
[2017-07-31 01:19:24] slim-app.INFO: Slim-Skeleton '/' route [] []
[2017-07-31 01:19:24] slim-app.INFO: BEFORE1 [] []
[2017-07-31 01:19:24] slim-app.INFO: Slim-Skeleton '/' route [] []
[2017-07-31 01:19:24] slim-app.INFO: AFTER1 [] []
[2017-07-31 01:21:09] slim-app.INFO: Slim-Skeleton '/' route [] []
[2017-07-31 01:21:09] slim-app.INFO: BEFORE1 [] []
[2017-07-31 01:21:09] slim-app.INFO: Slim-Skeleton '/' route [] []
[2017-07-31 01:21:09] slim-app.INFO: AFTER1 [] []
[2017-07-31 01:21:46] slim-app.INFO: Slim-Skeleton '/' route [] []
[2017-07-31 03:07:15] slim-app.INFO: Slim-Skeleton '/' route [] []
[2017-07-31 03:07:15] slim-app.INFO: BEFORE1 [] []
[2017-07-31 03:07:15] slim-app.INFO: Slim-Skeleton '/' route [] []
[2017-07-31 03:07:15] slim-app.INFO: AFTER1 [] []
[2017-07-31 03:07:27] slim-app.INFO: BEFORE1 [] []
[2017-07-31 03:07:27] slim-app.INFO: Slim-Skeleton '/' route [] []
[2017-07-31 03:07:27] slim-app.INFO: AFTER1 [] []
[2017-07-31 03:07:31] slim-app.INFO: BEFORE1 [] []
[2017-07-31 03:07:31] slim-app.INFO: Slim-Skeleton '/' route [] []
[2017-07-31 03:07:31] slim-app.INFO: AFTER1 [] []
[2017-07-31 03:07:36] slim-app.INFO: BEFORE1 [] []
[2017-07-31 03:07:36] slim-app.INFO: Slim-Skeleton '/' route [] []
[2017-07-31 03:07:36] slim-app.INFO: AFTER1 [] []
[2017-07-31 03:07:40] slim-app.INFO: BEFORE1 [] []
[2017-07-31 03:07:40] slim-app.INFO: Slim-Skeleton '/' route [] []
[2017-07-31 03:07:40] slim-app.INFO: AFTER1 [] []
[2017-07-31 03:07:59] slim-app.INFO: BEFORE1 [] []
[2017-07-31 03:07:59] slim-app.INFO: Slim-Skeleton '/' route [] []
[2017-07-31 03:07:59] slim-app.INFO: AFTER1 [] []
[2017-07-31 03:08:10] slim-app.INFO: BEFORE1 [] []
[2017-07-31 03:08:10] slim-app.INFO: Slim-Skeleton '/' route [] []
[2017-07-31 03:08:10] slim-app.INFO: AFTER1 [] []
[2017-08-01 04:51:56] slim-app.INFO: BEFORE1 [] []
[2017-08-01 04:51:56] slim-app.INFO: Slim-Skeleton '/' route [] []
[2017-08-01 04:51:56] slim-app.INFO: AFTER1 [] []
[2017-08-01 05:30:16] slim-app.INFO: BEFORE1 [] []
[2017-08-01 05:30:16] slim-app.INFO: Slim-Skeleton '/' route [] []
[2017-08-01 05:30:16] slim-app.INFO: AFTER1 [] []
[2017-08-01 05:30:19] slim-app.INFO: BEFORE1 [] []
[2017-08-01 05:30:19] slim-app.INFO: Slim-Skeleton '/' route [] []
[2017-08-01 05:30:19] slim-app.INFO: AFTER1 [] []
[2017-08-01 05:35:06] slim-app.INFO: BEFORE1 [] []
[2017-08-01 05:35:06] slim-app.INFO: Slim-Skeleton '/' route [] []
[2017-08-01 05:35:06] slim-app.INFO: AFTER1 [] []
[2017-08-01 05:36:49] slim-app.INFO: BEFORE1 [] []
[2017-08-01 05:36:49] slim-app.INFO: Slim-Skeleton '/' route [] []
[2017-08-01 05:36:49] slim-app.INFO: AFTER1 [] []
[2017-08-01 05:37:37] slim-app.INFO: BEFORE1 [] []
[2017-08-01 05:37:37] slim-app.INFO: Slim-Skeleton '/' route [] []
[2017-08-01 05:37:37] slim-app.INFO: AFTER1 [] []
[2017-08-01 05:48:25] slim-app.INFO: BEFORE1 [] []
[2017-08-01 05:48:25] slim-app.INFO: Slim-Skeleton '/' route [] []
[2017-08-01 05:48:25] slim-app.INFO: AFTER1 [] []
[2017-08-01 05:48:26] slim-app.INFO: BEFORE1 [] []
[2017-08-01 05:48:26] slim-app.INFO: Slim-Skeleton '/' route [] []
[2017-08-01 05:48:26] slim-app.INFO: AFTER1 [] []
[2017-08-01 05:48:36] slim-app.INFO: BEFORE1 [] []
[2017-08-01 05:48:36] slim-app.INFO: Slim-Skeleton '/' route [] []
[2017-08-01 05:48:36] slim-app.INFO: AFTER1 [] []
[2017-08-01 05:48:36] slim-app.INFO: BEFORE1 [] []
[2017-08-01 05:48:36] slim-app.INFO: Slim-Skeleton '/' route [] []
[2017-08-01 05:48:36] slim-app.INFO: AFTER1 [] []
[2017-08-01 05:48:44] slim-app.INFO: BEFORE1 [] []
[2017-08-01 05:48:44] slim-app.INFO: Slim-Skeleton '/' route [] []
[2017-08-01 05:48:44] slim-app.INFO: AFTER1 [] []
[2017-08-01 05:49:21] slim-app.INFO: BEFORE1 [] []
[2017-08-01 05:49:21] slim-app.INFO: Slim-Skeleton '/' route [] []
[2017-08-01 05:49:21] slim-app.INFO: AFTER1 [] []
[2017-08-01 05:49:23] slim-app.INFO: BEFORE1 [] []
[2017-08-01 05:49:23] slim-app.INFO: Slim-Skeleton '/' route [] []
[2017-08-01 05:49:23] slim-app.INFO: AFTER1 [] []
[2017-08-01 05:49:23] slim-app.INFO: BEFORE1 [] []
[2017-08-01 05:49:23] slim-app.INFO: Slim-Skeleton '/' route [] []
[2017-08-01 05:49:23] slim-app.INFO: AFTER1 [] []
[2017-08-01 05:56:25] slim-app.INFO: Slim-Skeleton '/' route [] []
[2017-08-01 06:05:04] slim-app.INFO: BEFORE1 [] []
[2017-08-01 06:05:04] slim-app.INFO: Slim-Skeleton '/' route [] []
[2017-08-01 06:05:04] slim-app.INFO: AFTER1 [] []
[2017-08-01 06:05:04] slim-app.INFO: BEFORE1 [] []
[2017-08-01 06:05:04] slim-app.INFO: Slim-Skeleton '/' route [] []
[2017-08-01 06:05:04] slim-app.INFO: AFTER1 [] []
[2017-08-01 06:05:43] slim-app.INFO: BEFORE1 [] []
[2017-08-01 06:05:43] slim-app.INFO: Slim-Skeleton '/' route [] []
[2017-08-01 06:05:43] slim-app.INFO: AFTER1 [] []
[2017-08-01 06:05:44] slim-app.INFO: BEFORE1 [] []
[2017-08-01 06:05:44] slim-app.INFO: Slim-Skeleton '/' route [] []
[2017-08-01 06:05:44] slim-app.INFO: AFTER1 [] []
[2017-08-17 04:10:49] slim-app.INFO: BEFORE1 [] []
[2017-08-17 04:10:49] slim-app.INFO: Slim-Skeleton '/' route [] []
[2017-08-17 04:10:49] slim-app.INFO: AFTER1 [] []
[2017-08-17 04:11:01] slim-app.INFO: BEFORE1 [] []
[2017-08-17 04:11:01] slim-app.INFO: Slim-Skeleton '/' route [] []
[2017-08-17 04:11:01] slim-app.INFO: AFTER1 [] []
[2017-08-17 04:12:43] slim-app.INFO: Slim-Skeleton '/' route [] []
[2017-08-17 19:14:03] slim-app.INFO: BEFORE1 [] []
[2017-08-17 19:14:03] slim-app.INFO: Slim-Skeleton '/' route [] []
[2017-08-17 19:14:03] slim-app.INFO: AFTER1 [] []
[2017-08-17 19:29:54] slim-app.INFO: BEFORE1 [] []
[2017-08-17 19:29:54] slim-app.INFO: Slim-Skeleton '/' route [] []
[2017-08-17 19:29:54] slim-app.INFO: AFTER1 [] []
